Main - INFO - Output dir is: /home/mibaj/quarter_car_model_machine_learning//dtu-compute/mibaj/Golden-car-simulation-August-2020_windowsize_2_speedrange_40_80_LSTM_encoder_decoder_cuda

Main - INFO - Starting preparing the data.

Main - INFO - Data preparing done.

Main - INFO - =========== EPOCH: 0 =========== 
Main - INFO - === Training..
Main - INFO - === Validating..
Main - INFO - Epoch: 0/300, Train Loss: 0.00029,  Valid Loss: 0.00029
Main - INFO - =========== EPOCH: 1 =========== 
Main - INFO - === Training..
Main - INFO - === Validating..
Main - INFO - Epoch: 1/300, Train Loss: 0.00026,  Valid Loss: 0.00026
Main - INFO - =========== EPOCH: 2 =========== 
Main - INFO - === Training..
Main - INFO - === Validating..
Main - INFO - Epoch: 2/300, Train Loss: 0.00026,  Valid Loss: 0.00026
Main - INFO - =========== EPOCH: 3 =========== 
Main - INFO - === Training..
Main - INFO - === Validating..
Main - INFO - Epoch: 3/300, Train Loss: 0.00025,  Valid Loss: 0.00025
Main - INFO - =========== EPOCH: 4 =========== 
Main - INFO - === Training..
Main - INFO - === Validating..
Main - INFO - Epoch: 4/300, Train Loss: 0.00025,  Valid Loss: 0.00025
Main - INFO - =========== EPOCH: 5 =========== 
Main - INFO - === Training..
Main - INFO - === Validating..
Main - INFO - Epoch: 5/300, Train Loss: 0.00025,  Valid Loss: 0.00025
Main - INFO - =========== EPOCH: 6 =========== 
Main - INFO - === Training..
Main - INFO - === Validating..
Main - INFO - Epoch: 6/300, Train Loss: 0.00025,  Valid Loss: 0.00025
Main - INFO - =========== EPOCH: 7 =========== 
Main - INFO - === Training..
Main - INFO - === Validating..
Main - INFO - Epoch: 7/300, Train Loss: 0.00025,  Valid Loss: 0.00025
Main - INFO - =========== EPOCH: 8 =========== 
Main - INFO - === Training..
Main - INFO - === Validating..
Main - INFO - Epoch: 8/300, Train Loss: 0.00025,  Valid Loss: 0.00025
Main - INFO - =========== EPOCH: 9 =========== 
Main - INFO - === Training..
Main - INFO - === Validating..
Main - INFO - Epoch: 9/300, Train Loss: 0.00021,  Valid Loss: 0.00021
Main - INFO - =========== EPOCH: 10 =========== 
Main - INFO - === Training..
Main - INFO - === Validating..
Main - INFO - Epoch: 10/300, Train Loss: 0.00018,  Valid Loss: 0.00018
Main - INFO - =========== EPOCH: 11 =========== 
Main - INFO - === Training..
Main - INFO - === Validating..
Main - INFO - Epoch: 11/300, Train Loss: 0.00016,  Valid Loss: 0.00016
Main - INFO - =========== EPOCH: 12 =========== 
Main - INFO - === Training..
Main - INFO - === Validating..
Main - INFO - Epoch: 12/300, Train Loss: 0.00013,  Valid Loss: 0.00013
Main - INFO - =========== EPOCH: 13 =========== 
Main - INFO - === Training..
Main - INFO - === Validating..
Main - INFO - Epoch: 13/300, Train Loss: 0.00013,  Valid Loss: 0.00013
Main - INFO - =========== EPOCH: 14 =========== 
Main - INFO - === Training..
Main - INFO - === Validating..
Main - INFO - Epoch: 14/300, Train Loss: 0.00012,  Valid Loss: 0.00012
Main - INFO - =========== EPOCH: 15 =========== 
Main - INFO - === Training..
Main - INFO - === Validating..
Main - INFO - Epoch: 15/300, Train Loss: 0.00011,  Valid Loss: 0.00011
Main - INFO - =========== EPOCH: 16 =========== 
Main - INFO - === Training..
Main - INFO - === Validating..
Main - INFO - Epoch: 16/300, Train Loss: 0.00012,  Valid Loss: 0.00012
Main - INFO - =========== EPOCH: 17 =========== 
Main - INFO - === Training..
Main - INFO - === Validating..
Main - INFO - Epoch: 17/300, Train Loss: 0.00010,  Valid Loss: 0.00010
Main - INFO - =========== EPOCH: 18 =========== 
Main - INFO - === Training..
Main - INFO - === Validating..
Main - INFO - Epoch: 18/300, Train Loss: 0.00015,  Valid Loss: 0.00015
Main - INFO - =========== EPOCH: 19 =========== 
Main - INFO - === Training..
Main - INFO - === Validating..
Main - INFO - Epoch: 19/300, Train Loss: 0.00009,  Valid Loss: 0.00009
Main - INFO - =========== EPOCH: 20 =========== 
Main - INFO - === Training..
Main - INFO - === Validating..
Main - INFO - Epoch: 20/300, Train Loss: 0.00008,  Valid Loss: 0.00008
Main - INFO - =========== EPOCH: 21 =========== 
Main - INFO - === Training..
Main - INFO - === Validating..
Main - INFO - Epoch: 21/300, Train Loss: 0.00007,  Valid Loss: 0.00007
Main - INFO - =========== EPOCH: 22 =========== 
Main - INFO - === Training..
Main - INFO - === Validating..
Main - INFO - Epoch: 22/300, Train Loss: 0.00007,  Valid Loss: 0.00007
Main - INFO - =========== EPOCH: 23 =========== 
Main - INFO - === Training..
Main - INFO - === Validating..
Main - INFO - Epoch: 23/300, Train Loss: 0.00011,  Valid Loss: 0.00011
Main - INFO - =========== EPOCH: 24 =========== 
Main - INFO - === Training..
Main - INFO - === Validating..
Main - INFO - Epoch: 24/300, Train Loss: 0.00007,  Valid Loss: 0.00007
Main - INFO - =========== EPOCH: 25 =========== 
Main - INFO - === Training..
Main - INFO - === Validating..
Main - INFO - Epoch: 25/300, Train Loss: 0.00006,  Valid Loss: 0.00006
Main - INFO - =========== EPOCH: 26 =========== 
Main - INFO - === Training..
Main - INFO - === Validating..
Main - INFO - Epoch: 26/300, Train Loss: 0.00009,  Valid Loss: 0.00009
Main - INFO - =========== EPOCH: 27 =========== 
Main - INFO - === Training..
Main - INFO - === Validating..
Main - INFO - Epoch: 27/300, Train Loss: 0.00007,  Valid Loss: 0.00007
Main - INFO - =========== EPOCH: 28 =========== 
Main - INFO - === Training..
Main - INFO - === Validating..
Main - INFO - Epoch: 28/300, Train Loss: 0.00006,  Valid Loss: 0.00006
Main - INFO - =========== EPOCH: 29 =========== 
Main - INFO - === Training..
Main - INFO - === Validating..
Main - INFO - Epoch: 29/300, Train Loss: 0.00006,  Valid Loss: 0.00006
Main - INFO - =========== EPOCH: 30 =========== 
Main - INFO - === Training..
Main - INFO - === Validating..
Main - INFO - Epoch: 30/300, Train Loss: 0.00006,  Valid Loss: 0.00006
Main - INFO - =========== EPOCH: 31 =========== 
Main - INFO - === Training..
Main - INFO - === Validating..
Main - INFO - Epoch: 31/300, Train Loss: 0.00006,  Valid Loss: 0.00006
Main - INFO - =========== EPOCH: 32 =========== 
Main - INFO - === Training..
Main - INFO - === Validating..
Main - INFO - Epoch: 32/300, Train Loss: 0.00006,  Valid Loss: 0.00006
Main - INFO - =========== EPOCH: 33 =========== 
Main - INFO - === Training..
Main - INFO - === Validating..
Main - INFO - Epoch: 33/300, Train Loss: 0.00005,  Valid Loss: 0.00005
Main - INFO - =========== EPOCH: 34 =========== 
Main - INFO - === Training..
Main - INFO - === Validating..
Main - INFO - Epoch: 34/300, Train Loss: 0.00005,  Valid Loss: 0.00005
Main - INFO - =========== EPOCH: 35 =========== 
Main - INFO - === Training..
Main - INFO - === Validating..
Main - INFO - Epoch: 35/300, Train Loss: 0.00005,  Valid Loss: 0.00005
Main - INFO - =========== EPOCH: 36 =========== 
Main - INFO - === Training..
Main - INFO - === Validating..
Main - INFO - Epoch: 36/300, Train Loss: 0.00006,  Valid Loss: 0.00006
Main - INFO - =========== EPOCH: 37 =========== 
Main - INFO - === Training..
Main - INFO - === Validating..
Main - INFO - Epoch: 37/300, Train Loss: 0.00005,  Valid Loss: 0.00005
Main - INFO - =========== EPOCH: 38 =========== 
Main - INFO - === Training..
Main - INFO - === Validating..
Main - INFO - Epoch: 38/300, Train Loss: 0.00005,  Valid Loss: 0.00005
Main - INFO - =========== EPOCH: 39 =========== 
Main - INFO - === Training..
Main - INFO - === Validating..
Main - INFO - Epoch: 39/300, Train Loss: 0.00005,  Valid Loss: 0.00005
Main - INFO - =========== EPOCH: 40 =========== 
Main - INFO - === Training..
Main - INFO - === Validating..
Main - INFO - Epoch: 40/300, Train Loss: 0.00005,  Valid Loss: 0.00005
Main - INFO - =========== EPOCH: 41 =========== 
Main - INFO - === Training..
Main - INFO - === Validating..
Main - INFO - Epoch: 41/300, Train Loss: 0.00005,  Valid Loss: 0.00005
Main - INFO - =========== EPOCH: 42 =========== 
Main - INFO - === Training..
Main - INFO - === Validating..
Main - INFO - Epoch: 42/300, Train Loss: 0.00010,  Valid Loss: 0.00010
Main - INFO - =========== EPOCH: 43 =========== 
Main - INFO - === Training..
Main - INFO - === Validating..
Main - INFO - Epoch: 43/300, Train Loss: 0.00005,  Valid Loss: 0.00005
Main - INFO - =========== EPOCH: 44 =========== 
Main - INFO - === Training..
Main - INFO - === Validating..
Main - INFO - Epoch: 44/300, Train Loss: 0.00004,  Valid Loss: 0.00004
Main - INFO - =========== EPOCH: 45 =========== 
Main - INFO - === Training..
Main - INFO - === Validating..
Main - INFO - Epoch: 45/300, Train Loss: 0.00004,  Valid Loss: 0.00004
Main - INFO - =========== EPOCH: 46 =========== 
Main - INFO - === Training..
Main - INFO - === Validating..
Main - INFO - Epoch: 46/300, Train Loss: 0.00005,  Valid Loss: 0.00005
Main - INFO - =========== EPOCH: 47 =========== 
Main - INFO - === Training..
Main - INFO - === Validating..
Main - INFO - Epoch: 47/300, Train Loss: 0.00004,  Valid Loss: 0.00004
Main - INFO - =========== EPOCH: 48 =========== 
Main - INFO - === Training..
Main - INFO - === Validating..
Main - INFO - Epoch: 48/300, Train Loss: 0.00004,  Valid Loss: 0.00004
Main - INFO - =========== EPOCH: 49 =========== 
Main - INFO - === Training..
Main - INFO - === Validating..
Main - INFO - Epoch: 49/300, Train Loss: 0.00004,  Valid Loss: 0.00004
Main - INFO - =========== EPOCH: 50 =========== 
Main - INFO - === Training..
Main - INFO - === Validating..
Main - INFO - Epoch: 50/300, Train Loss: 0.00004,  Valid Loss: 0.00004
Main - INFO - =========== EPOCH: 51 =========== 
Main - INFO - === Training..
Main - INFO - === Validating..
Main - INFO - Epoch: 51/300, Train Loss: 0.00004,  Valid Loss: 0.00004
Main - INFO - =========== EPOCH: 52 =========== 
Main - INFO - === Training..
Main - INFO - === Validating..
Main - INFO - Epoch: 52/300, Train Loss: 0.00004,  Valid Loss: 0.00004
Main - INFO - =========== EPOCH: 53 =========== 
Main - INFO - === Training..
Main - INFO - === Validating..
Main - INFO - Epoch: 53/300, Train Loss: 0.00004,  Valid Loss: 0.00004
Main - INFO - =========== EPOCH: 54 =========== 
Main - INFO - === Training..
Main - INFO - === Validating..
Main - INFO - Epoch: 54/300, Train Loss: 0.00004,  Valid Loss: 0.00004
Main - INFO - =========== EPOCH: 55 =========== 
Main - INFO - === Training..
Main - INFO - === Validating..
Main - INFO - Epoch: 55/300, Train Loss: 0.00005,  Valid Loss: 0.00005
Main - INFO - =========== EPOCH: 56 =========== 
Main - INFO - === Training..
Main - INFO - === Validating..
Main - INFO - Epoch: 56/300, Train Loss: 0.00005,  Valid Loss: 0.00005
Main - INFO - =========== EPOCH: 57 =========== 
Main - INFO - === Training..
Main - INFO - === Validating..
Main - INFO - Epoch: 57/300, Train Loss: 0.00004,  Valid Loss: 0.00004
Main - INFO - =========== EPOCH: 58 =========== 
Main - INFO - === Training..
Main - INFO - === Validating..
Main - INFO - Epoch: 58/300, Train Loss: 0.00004,  Valid Loss: 0.00004
Main - INFO - =========== EPOCH: 59 =========== 
Main - INFO - === Training..
Main - INFO - === Validating..
Main - INFO - Epoch: 59/300, Train Loss: 0.00004,  Valid Loss: 0.00004
Main - INFO - =========== EPOCH: 60 =========== 
Main - INFO - === Training..
Main - INFO - === Validating..
Main - INFO - Epoch: 60/300, Train Loss: 0.00004,  Valid Loss: 0.00004
Main - INFO - =========== EPOCH: 61 =========== 
Main - INFO - === Training..
Main - INFO - === Validating..
Main - INFO - Epoch: 61/300, Train Loss: 0.00004,  Valid Loss: 0.00004
Main - INFO - =========== EPOCH: 62 =========== 
Main - INFO - === Training..
Main - INFO - === Validating..
Main - INFO - Epoch: 62/300, Train Loss: 0.00004,  Valid Loss: 0.00004
Main - INFO - =========== EPOCH: 63 =========== 
Main - INFO - === Training..
Main - INFO - === Validating..
Main - INFO - Epoch: 63/300, Train Loss: 0.00004,  Valid Loss: 0.00004
Main - INFO - =========== EPOCH: 64 =========== 
Main - INFO - === Training..
Main - INFO - === Validating..
Main - INFO - Epoch: 64/300, Train Loss: 0.00004,  Valid Loss: 0.00004
Main - INFO - =========== EPOCH: 65 =========== 
Main - INFO - === Training..
Main - INFO - === Validating..
Main - INFO - Epoch: 65/300, Train Loss: 0.00004,  Valid Loss: 0.00004
Main - INFO - =========== EPOCH: 66 =========== 
Main - INFO - === Training..
Main - INFO - === Validating..
Main - INFO - Epoch: 66/300, Train Loss: 0.00004,  Valid Loss: 0.00004
Main - INFO - =========== EPOCH: 67 =========== 
Main - INFO - === Training..
Main - INFO - === Validating..
Main - INFO - Epoch: 67/300, Train Loss: 0.00004,  Valid Loss: 0.00004
Main - INFO - =========== EPOCH: 68 =========== 
Main - INFO - === Training..
Main - INFO - === Validating..
Main - INFO - Epoch: 68/300, Train Loss: 0.00004,  Valid Loss: 0.00004
Main - INFO - =========== EPOCH: 69 =========== 
Main - INFO - === Training..
Main - INFO - === Validating..
Main - INFO - Epoch: 69/300, Train Loss: 0.00004,  Valid Loss: 0.00004
Main - INFO - =========== EPOCH: 70 =========== 
Main - INFO - === Training..
Main - INFO - === Validating..
Main - INFO - Epoch: 70/300, Train Loss: 0.00004,  Valid Loss: 0.00004
Main - INFO - =========== EPOCH: 71 =========== 
Main - INFO - === Training..
Main - INFO - === Validating..
Main - INFO - Epoch: 71/300, Train Loss: 0.00004,  Valid Loss: 0.00004
Main - INFO - =========== EPOCH: 72 =========== 
Main - INFO - === Training..
Main - INFO - === Validating..
Main - INFO - Epoch: 72/300, Train Loss: 0.00004,  Valid Loss: 0.00004
Main - INFO - =========== EPOCH: 73 =========== 
Main - INFO - === Training..
Main - INFO - === Validating..
Main - INFO - Epoch: 73/300, Train Loss: 0.00004,  Valid Loss: 0.00004
Main - INFO - =========== EPOCH: 74 =========== 
Main - INFO - === Training..
Main - INFO - === Validating..
Main - INFO - Epoch: 74/300, Train Loss: 0.00004,  Valid Loss: 0.00004
Main - INFO - =========== EPOCH: 75 =========== 
Main - INFO - === Training..
Main - INFO - === Validating..
Main - INFO - Epoch: 75/300, Train Loss: 0.00004,  Valid Loss: 0.00004
Main - INFO - =========== EPOCH: 76 =========== 
Main - INFO - === Training..
Main - INFO - === Validating..
Main - INFO - Epoch: 76/300, Train Loss: 0.00003,  Valid Loss: 0.00003
Main - INFO - =========== EPOCH: 77 =========== 
Main - INFO - === Training..
Main - INFO - === Validating..
Main - INFO - Epoch: 77/300, Train Loss: 0.00003,  Valid Loss: 0.00003
Main - INFO - =========== EPOCH: 78 =========== 
Main - INFO - === Training..
Main - INFO - === Validating..
Main - INFO - Epoch: 78/300, Train Loss: 0.00003,  Valid Loss: 0.00003
Main - INFO - =========== EPOCH: 79 =========== 
Main - INFO - === Training..
Main - INFO - === Validating..
Main - INFO - Epoch: 79/300, Train Loss: 0.00003,  Valid Loss: 0.00003
Main - INFO - =========== EPOCH: 80 =========== 
Main - INFO - === Training..
Main - INFO - === Validating..
Main - INFO - Epoch: 80/300, Train Loss: 0.00003,  Valid Loss: 0.00003
Main - INFO - =========== EPOCH: 81 =========== 
Main - INFO - === Training..
Main - INFO - === Validating..
Main - INFO - Epoch: 81/300, Train Loss: 0.00003,  Valid Loss: 0.00003
Main - INFO - =========== EPOCH: 82 =========== 
Main - INFO - === Training..
Main - INFO - === Validating..
Main - INFO - Epoch: 82/300, Train Loss: 0.00003,  Valid Loss: 0.00003
Main - INFO - =========== EPOCH: 83 =========== 
Main - INFO - === Training..
Main - INFO - === Validating..
Main - INFO - Epoch: 83/300, Train Loss: 0.00003,  Valid Loss: 0.00003
Main - INFO - =========== EPOCH: 84 =========== 
Main - INFO - === Training..
Main - INFO - === Validating..
Main - INFO - Epoch: 84/300, Train Loss: 0.00003,  Valid Loss: 0.00003
Main - INFO - =========== EPOCH: 85 =========== 
Main - INFO - === Training..
Main - INFO - === Validating..
Main - INFO - Epoch: 85/300, Train Loss: 0.00003,  Valid Loss: 0.00003
Main - INFO - =========== EPOCH: 86 =========== 
Main - INFO - === Training..
Main - INFO - === Validating..
Main - INFO - Epoch: 86/300, Train Loss: 0.00003,  Valid Loss: 0.00003
Main - INFO - =========== EPOCH: 87 =========== 
Main - INFO - === Training..
Main - INFO - === Validating..
Main - INFO - Epoch: 87/300, Train Loss: 0.00003,  Valid Loss: 0.00003
Main - INFO - =========== EPOCH: 88 =========== 
Main - INFO - === Training..
Main - INFO - === Validating..
Main - INFO - Epoch: 88/300, Train Loss: 0.00003,  Valid Loss: 0.00003
Main - INFO - =========== EPOCH: 89 =========== 
Main - INFO - === Training..
Main - INFO - === Validating..
Main - INFO - Epoch: 89/300, Train Loss: 0.00003,  Valid Loss: 0.00003
Main - INFO - =========== EPOCH: 90 =========== 
Main - INFO - === Training..
Main - INFO - === Validating..
Main - INFO - Epoch: 90/300, Train Loss: 0.00003,  Valid Loss: 0.00003
Main - INFO - =========== EPOCH: 91 =========== 
Main - INFO - === Training..
Main - INFO - === Validating..
Main - INFO - Epoch: 91/300, Train Loss: 0.00003,  Valid Loss: 0.00003
Main - INFO - =========== EPOCH: 92 =========== 
Main - INFO - === Training..
Main - INFO - === Validating..
Main - INFO - Epoch: 92/300, Train Loss: 0.00003,  Valid Loss: 0.00003
Main - INFO - =========== EPOCH: 93 =========== 
Main - INFO - === Training..
Main - INFO - === Validating..
Main - INFO - Epoch: 93/300, Train Loss: 0.00003,  Valid Loss: 0.00003
Main - INFO - =========== EPOCH: 94 =========== 
Main - INFO - === Training..
Main - INFO - === Validating..
Main - INFO - Epoch: 94/300, Train Loss: 0.00003,  Valid Loss: 0.00003
Main - INFO - =========== EPOCH: 95 =========== 
Main - INFO - === Training..
Main - INFO - === Validating..
Main - INFO - Epoch: 95/300, Train Loss: 0.00003,  Valid Loss: 0.00003
Main - INFO - =========== EPOCH: 96 =========== 
Main - INFO - === Training..
Main - INFO - === Validating..
Main - INFO - Epoch: 96/300, Train Loss: 0.00003,  Valid Loss: 0.00003
Main - INFO - =========== EPOCH: 97 =========== 
Main - INFO - === Training..
Main - INFO - === Validating..
Main - INFO - Epoch: 97/300, Train Loss: 0.00003,  Valid Loss: 0.00003
Main - INFO - =========== EPOCH: 98 =========== 
Main - INFO - === Training..
Main - INFO - === Validating..
Main - INFO - Epoch: 98/300, Train Loss: 0.00003,  Valid Loss: 0.00003
Main - INFO - =========== EPOCH: 99 =========== 
Main - INFO - === Training..
Main - INFO - === Validating..
Main - INFO - Epoch: 99/300, Train Loss: 0.00003,  Valid Loss: 0.00003
Main - INFO - =========== EPOCH: 100 =========== 
Main - INFO - === Training..
Main - INFO - === Validating..
Main - INFO - Epoch: 100/300, Train Loss: 0.00002,  Valid Loss: 0.00002
Main - INFO - =========== EPOCH: 101 =========== 
Main - INFO - === Training..
Main - INFO - === Validating..
Main - INFO - Epoch: 101/300, Train Loss: 0.00002,  Valid Loss: 0.00002
Main - INFO - =========== EPOCH: 102 =========== 
Main - INFO - === Training..
Main - INFO - === Validating..
Main - INFO - Epoch: 102/300, Train Loss: 0.00002,  Valid Loss: 0.00002
Main - INFO - =========== EPOCH: 103 =========== 
Main - INFO - === Training..
Main - INFO - === Validating..
Main - INFO - Epoch: 103/300, Train Loss: 0.00002,  Valid Loss: 0.00002
Main - INFO - =========== EPOCH: 104 =========== 
Main - INFO - === Training..
Main - INFO - === Validating..
Main - INFO - Epoch: 104/300, Train Loss: 0.00002,  Valid Loss: 0.00002
Main - INFO - =========== EPOCH: 105 =========== 
Main - INFO - === Training..
Main - INFO - === Validating..
Main - INFO - Epoch: 105/300, Train Loss: 0.00002,  Valid Loss: 0.00002
Main - INFO - =========== EPOCH: 106 =========== 
Main - INFO - === Training..
Main - INFO - === Validating..
Main - INFO - Epoch: 106/300, Train Loss: 0.00002,  Valid Loss: 0.00002
Main - INFO - =========== EPOCH: 107 =========== 
Main - INFO - === Training..
Main - INFO - === Validating..
Main - INFO - Epoch: 107/300, Train Loss: 0.00002,  Valid Loss: 0.00002
Main - INFO - =========== EPOCH: 108 =========== 
Main - INFO - === Training..
Main - INFO - === Validating..
Main - INFO - Epoch: 108/300, Train Loss: 0.00002,  Valid Loss: 0.00002
Main - INFO - =========== EPOCH: 109 =========== 
Main - INFO - === Training..
Main - INFO - === Validating..
Main - INFO - Epoch: 109/300, Train Loss: 0.00002,  Valid Loss: 0.00002
Main - INFO - =========== EPOCH: 110 =========== 
Main - INFO - === Training..
Main - INFO - === Validating..
Main - INFO - Epoch: 110/300, Train Loss: 0.00002,  Valid Loss: 0.00002
Main - INFO - =========== EPOCH: 111 =========== 
Main - INFO - === Training..
Main - INFO - === Validating..
Main - INFO - Epoch: 111/300, Train Loss: 0.00002,  Valid Loss: 0.00002
Main - INFO - =========== EPOCH: 112 =========== 
Main - INFO - === Training..
Main - INFO - === Validating..
Main - INFO - Epoch: 112/300, Train Loss: 0.00002,  Valid Loss: 0.00002
Main - INFO - =========== EPOCH: 113 =========== 
Main - INFO - === Training..
Main - INFO - === Validating..
Main - INFO - Epoch: 113/300, Train Loss: 0.00002,  Valid Loss: 0.00002
Main - INFO - =========== EPOCH: 114 =========== 
Main - INFO - === Training..
Main - INFO - === Validating..
Main - INFO - Epoch: 114/300, Train Loss: 0.00002,  Valid Loss: 0.00002
Main - INFO - =========== EPOCH: 115 =========== 
Main - INFO - === Training..
Main - INFO - === Validating..
Main - INFO - Epoch: 115/300, Train Loss: 0.00002,  Valid Loss: 0.00002
Main - INFO - =========== EPOCH: 116 =========== 
Main - INFO - === Training..
Main - INFO - === Validating..
Main - INFO - Epoch: 116/300, Train Loss: 0.00002,  Valid Loss: 0.00002
Main - INFO - =========== EPOCH: 117 =========== 
Main - INFO - === Training..
Main - INFO - === Validating..
Main - INFO - Epoch: 117/300, Train Loss: 0.00002,  Valid Loss: 0.00002
Main - INFO - =========== EPOCH: 118 =========== 
Main - INFO - === Training..
Main - INFO - === Validating..
Main - INFO - Epoch: 118/300, Train Loss: 0.00002,  Valid Loss: 0.00002
Main - INFO - =========== EPOCH: 119 =========== 
Main - INFO - === Training..
Main - INFO - === Validating..
Main - INFO - Epoch: 119/300, Train Loss: 0.00002,  Valid Loss: 0.00002
Main - INFO - =========== EPOCH: 120 =========== 
Main - INFO - === Training..
Main - INFO - === Validating..
Main - INFO - Epoch: 120/300, Train Loss: 0.00002,  Valid Loss: 0.00002
Main - INFO - =========== EPOCH: 121 =========== 
Main - INFO - === Training..
Main - INFO - === Validating..
Main - INFO - Epoch: 121/300, Train Loss: 0.00002,  Valid Loss: 0.00002
Main - INFO - =========== EPOCH: 122 =========== 
Main - INFO - === Training..
Main - INFO - === Validating..
Main - INFO - Epoch: 122/300, Train Loss: 0.00002,  Valid Loss: 0.00002
Main - INFO - =========== EPOCH: 123 =========== 
Main - INFO - === Training..
Main - INFO - === Validating..
Main - INFO - Epoch: 123/300, Train Loss: 0.00002,  Valid Loss: 0.00002
Main - INFO - =========== EPOCH: 124 =========== 
Main - INFO - === Training..
Main - INFO - === Validating..
Main - INFO - Epoch: 124/300, Train Loss: 0.00002,  Valid Loss: 0.00002
Main - INFO - =========== EPOCH: 125 =========== 
Main - INFO - === Training..
Main - INFO - === Validating..
Main - INFO - Epoch: 125/300, Train Loss: 0.00002,  Valid Loss: 0.00002
Main - INFO - =========== EPOCH: 126 =========== 
Main - INFO - === Training..
Main - INFO - === Validating..
Main - INFO - Epoch: 126/300, Train Loss: 0.00002,  Valid Loss: 0.00002
Main - INFO - =========== EPOCH: 127 =========== 
Main - INFO - === Training..
Main - INFO - === Validating..
Main - INFO - Epoch: 127/300, Train Loss: 0.00002,  Valid Loss: 0.00002
Main - INFO - =========== EPOCH: 128 =========== 
Main - INFO - === Training..
Main - INFO - === Validating..
Main - INFO - Epoch: 128/300, Train Loss: 0.00002,  Valid Loss: 0.00002
Main - INFO - =========== EPOCH: 129 =========== 
Main - INFO - === Training..
Main - INFO - === Validating..
Main - INFO - Epoch: 129/300, Train Loss: 0.00002,  Valid Loss: 0.00002
Main - INFO - =========== EPOCH: 130 =========== 
Main - INFO - === Training..
Main - INFO - === Validating..
Main - INFO - Epoch: 130/300, Train Loss: 0.00002,  Valid Loss: 0.00002
Main - INFO - =========== EPOCH: 131 =========== 
Main - INFO - === Training..
Main - INFO - === Validating..
Main - INFO - Epoch: 131/300, Train Loss: 0.00002,  Valid Loss: 0.00002
Main - INFO - =========== EPOCH: 132 =========== 
Main - INFO - === Training..
Main - INFO - === Validating..
Main - INFO - Epoch: 132/300, Train Loss: 0.00002,  Valid Loss: 0.00002
Main - INFO - =========== EPOCH: 133 =========== 
Main - INFO - === Training..
Main - INFO - === Validating..
Main - INFO - Epoch: 133/300, Train Loss: 0.00002,  Valid Loss: 0.00002
Main - INFO - =========== EPOCH: 134 =========== 
Main - INFO - === Training..
Main - INFO - === Validating..
Main - INFO - Epoch: 134/300, Train Loss: 0.00002,  Valid Loss: 0.00002
Main - INFO - =========== EPOCH: 135 =========== 
Main - INFO - === Training..
Main - INFO - === Validating..
Main - INFO - Epoch: 135/300, Train Loss: 0.00002,  Valid Loss: 0.00002
Main - INFO - =========== EPOCH: 136 =========== 
Main - INFO - === Training..
Main - INFO - === Validating..
Main - INFO - Epoch: 136/300, Train Loss: 0.00002,  Valid Loss: 0.00002
Main - INFO - =========== EPOCH: 137 =========== 
Main - INFO - === Training..
Main - INFO - === Validating..
Main - INFO - Epoch: 137/300, Train Loss: 0.00002,  Valid Loss: 0.00002
Main - INFO - =========== EPOCH: 138 =========== 
Main - INFO - === Training..
Main - INFO - === Validating..
Main - INFO - Epoch: 138/300, Train Loss: 0.00002,  Valid Loss: 0.00002
Main - INFO - =========== EPOCH: 139 =========== 
Main - INFO - === Training..
Main - INFO - === Validating..
Main - INFO - Epoch: 139/300, Train Loss: 0.00002,  Valid Loss: 0.00002
Main - INFO - =========== EPOCH: 140 =========== 
Main - INFO - === Training..
Main - INFO - === Validating..
Main - INFO - Epoch: 140/300, Train Loss: 0.00002,  Valid Loss: 0.00002
Main - INFO - =========== EPOCH: 141 =========== 
Main - INFO - === Training..
Main - INFO - === Validating..
Main - INFO - Epoch: 141/300, Train Loss: 0.00002,  Valid Loss: 0.00002
Main - INFO - =========== EPOCH: 142 =========== 
Main - INFO - === Training..
Main - INFO - === Validating..
Main - INFO - Epoch: 142/300, Train Loss: 0.00002,  Valid Loss: 0.00002
Main - INFO - =========== EPOCH: 143 =========== 
Main - INFO - === Training..
Main - INFO - === Validating..
Main - INFO - Epoch: 143/300, Train Loss: 0.00002,  Valid Loss: 0.00002
Main - INFO - =========== EPOCH: 144 =========== 
Main - INFO - === Training..
Main - INFO - === Validating..
Main - INFO - Epoch: 144/300, Train Loss: 0.00002,  Valid Loss: 0.00002
Main - INFO - =========== EPOCH: 145 =========== 
Main - INFO - === Training..
Main - INFO - === Validating..
Main - INFO - Epoch: 145/300, Train Loss: 0.00002,  Valid Loss: 0.00002
Main - INFO - =========== EPOCH: 146 =========== 
Main - INFO - === Training..
Main - INFO - === Validating..
Main - INFO - Epoch: 146/300, Train Loss: 0.00002,  Valid Loss: 0.00002
Main - INFO - =========== EPOCH: 147 =========== 
Main - INFO - === Training..
Main - INFO - === Validating..
Main - INFO - Epoch: 147/300, Train Loss: 0.00002,  Valid Loss: 0.00002
Main - INFO - =========== EPOCH: 148 =========== 
Main - INFO - === Training..
Main - INFO - === Validating..
Main - INFO - Epoch: 148/300, Train Loss: 0.00002,  Valid Loss: 0.00002
Main - INFO - =========== EPOCH: 149 =========== 
Main - INFO - === Training..
Main - INFO - === Validating..
Main - INFO - Epoch: 149/300, Train Loss: 0.00002,  Valid Loss: 0.00002
Main - INFO - =========== EPOCH: 150 =========== 
Main - INFO - === Training..
Main - INFO - === Validating..
Main - INFO - Epoch: 150/300, Train Loss: 0.00002,  Valid Loss: 0.00002
Main - INFO - =========== EPOCH: 151 =========== 
Main - INFO - === Training..
Main - INFO - === Validating..
Main - INFO - Epoch: 151/300, Train Loss: 0.00002,  Valid Loss: 0.00002
Main - INFO - =========== EPOCH: 152 =========== 
Main - INFO - === Training..
Main - INFO - === Validating..
Main - INFO - Epoch: 152/300, Train Loss: 0.00002,  Valid Loss: 0.00002
Main - INFO - =========== EPOCH: 153 =========== 
Main - INFO - === Training..
Main - INFO - === Validating..
Main - INFO - Epoch: 153/300, Train Loss: 0.00002,  Valid Loss: 0.00002
Main - INFO - =========== EPOCH: 154 =========== 
Main - INFO - === Training..
Main - INFO - === Validating..
Main - INFO - Epoch: 154/300, Train Loss: 0.00002,  Valid Loss: 0.00002
Main - INFO - =========== EPOCH: 155 =========== 
Main - INFO - === Training..
Main - INFO - === Validating..
Main - INFO - Epoch: 155/300, Train Loss: 0.00002,  Valid Loss: 0.00002
Main - INFO - =========== EPOCH: 156 =========== 
Main - INFO - === Training..
Main - INFO - === Validating..
Main - INFO - Epoch: 156/300, Train Loss: 0.00002,  Valid Loss: 0.00002
Main - INFO - =========== EPOCH: 157 =========== 
Main - INFO - === Training..
Main - INFO - === Validating..
Main - INFO - Epoch: 157/300, Train Loss: 0.00002,  Valid Loss: 0.00002
Main - INFO - =========== EPOCH: 158 =========== 
Main - INFO - === Training..
Main - INFO - === Validating..
Main - INFO - Epoch: 158/300, Train Loss: 0.00002,  Valid Loss: 0.00002
Main - INFO - =========== EPOCH: 159 =========== 
Main - INFO - === Training..
Main - INFO - === Validating..
Main - INFO - Epoch: 159/300, Train Loss: 0.00002,  Valid Loss: 0.00002
Main - INFO - =========== EPOCH: 160 =========== 
Main - INFO - === Training..
Main - INFO - === Validating..
Main - INFO - Epoch: 160/300, Train Loss: 0.00002,  Valid Loss: 0.00002
Main - INFO - =========== EPOCH: 161 =========== 
Main - INFO - === Training..
Main - INFO - === Validating..
Main - INFO - Epoch: 161/300, Train Loss: 0.00002,  Valid Loss: 0.00002
Main - INFO - =========== EPOCH: 162 =========== 
Main - INFO - === Training..
Main - INFO - === Validating..
Main - INFO - Epoch: 162/300, Train Loss: 0.00002,  Valid Loss: 0.00002
Main - INFO - =========== EPOCH: 163 =========== 
Main - INFO - === Training..
Main - INFO - === Validating..
Main - INFO - Epoch: 163/300, Train Loss: 0.00002,  Valid Loss: 0.00002
Main - INFO - =========== EPOCH: 164 =========== 
Main - INFO - === Training..
Main - INFO - === Validating..
Main - INFO - Epoch: 164/300, Train Loss: 0.00002,  Valid Loss: 0.00002
Main - INFO - =========== EPOCH: 165 =========== 
Main - INFO - === Training..
Main - INFO - === Validating..
Main - INFO - Epoch: 165/300, Train Loss: 0.00002,  Valid Loss: 0.00002
Main - INFO - =========== EPOCH: 166 =========== 
Main - INFO - === Training..
Main - INFO - === Validating..
Main - INFO - Epoch: 166/300, Train Loss: 0.00002,  Valid Loss: 0.00002
Main - INFO - =========== EPOCH: 167 =========== 
Main - INFO - === Training..
Main - INFO - === Validating..
Main - INFO - Epoch: 167/300, Train Loss: 0.00002,  Valid Loss: 0.00002
Main - INFO - =========== EPOCH: 168 =========== 
Main - INFO - === Training..
Main - INFO - === Validating..
Main - INFO - Epoch: 168/300, Train Loss: 0.00002,  Valid Loss: 0.00002
Main - INFO - =========== EPOCH: 169 =========== 
Main - INFO - === Training..
Main - INFO - === Validating..
Main - INFO - Epoch: 169/300, Train Loss: 0.00002,  Valid Loss: 0.00002
Main - INFO - =========== EPOCH: 170 =========== 
Main - INFO - === Training..
Main - INFO - === Validating..
Main - INFO - Epoch: 170/300, Train Loss: 0.00002,  Valid Loss: 0.00002
Main - INFO - =========== EPOCH: 171 =========== 
Main - INFO - === Training..
Main - INFO - === Validating..
Main - INFO - Epoch: 171/300, Train Loss: 0.00002,  Valid Loss: 0.00002
Main - INFO - =========== EPOCH: 172 =========== 
Main - INFO - === Training..
Main - INFO - === Validating..
Main - INFO - Epoch: 172/300, Train Loss: 0.00002,  Valid Loss: 0.00002
Main - INFO - =========== EPOCH: 173 =========== 
Main - INFO - === Training..
Main - INFO - === Validating..
Main - INFO - Epoch: 173/300, Train Loss: 0.00002,  Valid Loss: 0.00002
Main - INFO - =========== EPOCH: 174 =========== 
Main - INFO - === Training..
Main - INFO - === Validating..
Main - INFO - Epoch: 174/300, Train Loss: 0.00002,  Valid Loss: 0.00002
Main - INFO - =========== EPOCH: 175 =========== 
Main - INFO - === Training..
Main - INFO - === Validating..
Main - INFO - Epoch: 175/300, Train Loss: 0.00002,  Valid Loss: 0.00002
Main - INFO - =========== EPOCH: 176 =========== 
Main - INFO - === Training..
Main - INFO - === Validating..
Main - INFO - Epoch: 176/300, Train Loss: 0.00002,  Valid Loss: 0.00002
Main - INFO - =========== EPOCH: 177 =========== 
Main - INFO - === Training..
Main - INFO - === Validating..
Main - INFO - Epoch: 177/300, Train Loss: 0.00002,  Valid Loss: 0.00002
Main - INFO - =========== EPOCH: 178 =========== 
Main - INFO - === Training..
Main - INFO - === Validating..
Main - INFO - Epoch: 178/300, Train Loss: 0.00002,  Valid Loss: 0.00002
Main - INFO - =========== EPOCH: 179 =========== 
Main - INFO - === Training..
Main - INFO - === Validating..
Main - INFO - Epoch: 179/300, Train Loss: 0.00002,  Valid Loss: 0.00002
Main - INFO - =========== EPOCH: 180 =========== 
Main - INFO - === Training..
Main - INFO - === Validating..
Main - INFO - Epoch: 180/300, Train Loss: 0.00002,  Valid Loss: 0.00002
Main - INFO - =========== EPOCH: 181 =========== 
Main - INFO - === Training..
Main - INFO - === Validating..
Main - INFO - Epoch: 181/300, Train Loss: 0.00002,  Valid Loss: 0.00002
Main - INFO - =========== EPOCH: 182 =========== 
Main - INFO - === Training..
Main - INFO - === Validating..
Main - INFO - Epoch: 182/300, Train Loss: 0.00002,  Valid Loss: 0.00002
Main - INFO - =========== EPOCH: 183 =========== 
Main - INFO - === Training..
Main - INFO - === Validating..
Main - INFO - Epoch: 183/300, Train Loss: 0.00002,  Valid Loss: 0.00002
Main - INFO - =========== EPOCH: 184 =========== 
Main - INFO - === Training..
Main - INFO - === Validating..
Main - INFO - Epoch: 184/300, Train Loss: 0.00002,  Valid Loss: 0.00002
Main - INFO - =========== EPOCH: 185 =========== 
Main - INFO - === Training..
Main - INFO - === Validating..
Main - INFO - Epoch: 185/300, Train Loss: 0.00002,  Valid Loss: 0.00002
Main - INFO - =========== EPOCH: 186 =========== 
Main - INFO - === Training..
Main - INFO - === Validating..
Main - INFO - Epoch: 186/300, Train Loss: 0.00002,  Valid Loss: 0.00002
Main - INFO - =========== EPOCH: 187 =========== 
Main - INFO - === Training..
Main - INFO - === Validating..
Main - INFO - Epoch: 187/300, Train Loss: 0.00002,  Valid Loss: 0.00002
Main - INFO - =========== EPOCH: 188 =========== 
Main - INFO - === Training..
Main - INFO - === Validating..
Main - INFO - Epoch: 188/300, Train Loss: 0.00002,  Valid Loss: 0.00002
Main - INFO - =========== EPOCH: 189 =========== 
Main - INFO - === Training..
Main - INFO - === Validating..
Main - INFO - Epoch: 189/300, Train Loss: 0.00002,  Valid Loss: 0.00002
Main - INFO - =========== EPOCH: 190 =========== 
Main - INFO - === Training..
Main - INFO - === Validating..
Main - INFO - Epoch: 190/300, Train Loss: 0.00002,  Valid Loss: 0.00002
Main - INFO - =========== EPOCH: 191 =========== 
Main - INFO - === Training..
Main - INFO - === Validating..
Main - INFO - Epoch: 191/300, Train Loss: 0.00002,  Valid Loss: 0.00002
Main - INFO - =========== EPOCH: 192 =========== 
Main - INFO - === Training..
Main - INFO - === Validating..
Main - INFO - Epoch: 192/300, Train Loss: 0.00002,  Valid Loss: 0.00002
Main - INFO - =========== EPOCH: 193 =========== 
Main - INFO - === Training..
Main - INFO - === Validating..
Main - INFO - Epoch: 193/300, Train Loss: 0.00002,  Valid Loss: 0.00002
Main - INFO - =========== EPOCH: 194 =========== 
Main - INFO - === Training..
Main - INFO - === Validating..
Main - INFO - Epoch: 194/300, Train Loss: 0.00002,  Valid Loss: 0.00002
Main - INFO - =========== EPOCH: 195 =========== 
Main - INFO - === Training..
Main - INFO - === Validating..
Main - INFO - Epoch: 195/300, Train Loss: 0.00002,  Valid Loss: 0.00002
Main - INFO - =========== EPOCH: 196 =========== 
Main - INFO - === Training..
Main - INFO - === Validating..
Main - INFO - Epoch: 196/300, Train Loss: 0.00002,  Valid Loss: 0.00002
Main - INFO - =========== EPOCH: 197 =========== 
Main - INFO - === Training..
Main - INFO - === Validating..
Main - INFO - Epoch: 197/300, Train Loss: 0.00002,  Valid Loss: 0.00002
Main - INFO - =========== EPOCH: 198 =========== 
Main - INFO - === Training..
Main - INFO - === Validating..
Main - INFO - Epoch: 198/300, Train Loss: 0.00002,  Valid Loss: 0.00002
Main - INFO - =========== EPOCH: 199 =========== 
Main - INFO - === Training..
Main - INFO - === Validating..
Main - INFO - Epoch: 199/300, Train Loss: 0.00002,  Valid Loss: 0.00002
Main - INFO - =========== EPOCH: 200 =========== 
Main - INFO - === Training..
Main - INFO - === Validating..
Main - INFO - Epoch: 200/300, Train Loss: 0.00002,  Valid Loss: 0.00002
Main - INFO - =========== EPOCH: 201 =========== 
Main - INFO - === Training..
Main - INFO - === Validating..
Main - INFO - Epoch: 201/300, Train Loss: 0.00002,  Valid Loss: 0.00002
Main - INFO - =========== EPOCH: 202 =========== 
Main - INFO - === Training..
Main - INFO - === Validating..
Main - INFO - Epoch: 202/300, Train Loss: 0.00002,  Valid Loss: 0.00002
Main - INFO - =========== EPOCH: 203 =========== 
Main - INFO - === Training..
Main - INFO - === Validating..
Main - INFO - Epoch: 203/300, Train Loss: 0.00002,  Valid Loss: 0.00002
Main - INFO - =========== EPOCH: 204 =========== 
Main - INFO - === Training..
Main - INFO - === Validating..
Main - INFO - Epoch: 204/300, Train Loss: 0.00002,  Valid Loss: 0.00002
Main - INFO - =========== EPOCH: 205 =========== 
Main - INFO - === Training..
Main - INFO - === Validating..
Main - INFO - Epoch: 205/300, Train Loss: 0.00002,  Valid Loss: 0.00002
Main - INFO - =========== EPOCH: 206 =========== 
Main - INFO - === Training..
Main - INFO - === Validating..
Main - INFO - Epoch: 206/300, Train Loss: 0.00002,  Valid Loss: 0.00002
Main - INFO - =========== EPOCH: 207 =========== 
Main - INFO - === Training..
Main - INFO - === Validating..
Main - INFO - Epoch: 207/300, Train Loss: 0.00002,  Valid Loss: 0.00002
Main - INFO - =========== EPOCH: 208 =========== 
Main - INFO - === Training..
Main - INFO - === Validating..
Main - INFO - Epoch: 208/300, Train Loss: 0.00002,  Valid Loss: 0.00002
Main - INFO - =========== EPOCH: 209 =========== 
Main - INFO - === Training..
Main - INFO - === Validating..
Main - INFO - Epoch: 209/300, Train Loss: 0.00002,  Valid Loss: 0.00002
Main - INFO - =========== EPOCH: 210 =========== 
Main - INFO - === Training..
Main - INFO - === Validating..
Main - INFO - Epoch: 210/300, Train Loss: 0.00002,  Valid Loss: 0.00002
Main - INFO - =========== EPOCH: 211 =========== 
Main - INFO - === Training..
Main - INFO - === Validating..
Main - INFO - Epoch: 211/300, Train Loss: 0.00002,  Valid Loss: 0.00002
Main - INFO - =========== EPOCH: 212 =========== 
Main - INFO - === Training..
Main - INFO - === Validating..
Main - INFO - Epoch: 212/300, Train Loss: 0.00002,  Valid Loss: 0.00002
Main - INFO - =========== EPOCH: 213 =========== 
Main - INFO - === Training..
Main - INFO - === Validating..
Main - INFO - Epoch: 213/300, Train Loss: 0.00002,  Valid Loss: 0.00002
Main - INFO - =========== EPOCH: 214 =========== 
Main - INFO - === Training..
Main - INFO - === Validating..
Main - INFO - Epoch: 214/300, Train Loss: 0.00002,  Valid Loss: 0.00002
Main - INFO - =========== EPOCH: 215 =========== 
Main - INFO - === Training..
Main - INFO - === Validating..
Main - INFO - Epoch: 215/300, Train Loss: 0.00002,  Valid Loss: 0.00002
Main - INFO - =========== EPOCH: 216 =========== 
Main - INFO - === Training..
Main - INFO - === Validating..
Main - INFO - Epoch: 216/300, Train Loss: 0.00002,  Valid Loss: 0.00002
Main - INFO - =========== EPOCH: 217 =========== 
Main - INFO - === Training..
Main - INFO - === Validating..
Main - INFO - Epoch: 217/300, Train Loss: 0.00002,  Valid Loss: 0.00002
Main - INFO - =========== EPOCH: 218 =========== 
Main - INFO - === Training..
Main - INFO - === Validating..
Main - INFO - Epoch: 218/300, Train Loss: 0.00002,  Valid Loss: 0.00002
Main - INFO - =========== EPOCH: 219 =========== 
Main - INFO - === Training..
Main - INFO - === Validating..
Main - INFO - Epoch: 219/300, Train Loss: 0.00002,  Valid Loss: 0.00002
Main - INFO - =========== EPOCH: 220 =========== 
Main - INFO - === Training..
Main - INFO - === Validating..
Main - INFO - Epoch: 220/300, Train Loss: 0.00002,  Valid Loss: 0.00002
Main - INFO - =========== EPOCH: 221 =========== 
Main - INFO - === Training..
Main - INFO - === Validating..
Main - INFO - Epoch: 221/300, Train Loss: 0.00002,  Valid Loss: 0.00002
Main - INFO - =========== EPOCH: 222 =========== 
Main - INFO - === Training..
Main - INFO - === Validating..
Main - INFO - Epoch: 222/300, Train Loss: 0.00002,  Valid Loss: 0.00002
Main - INFO - =========== EPOCH: 223 =========== 
Main - INFO - === Training..
Main - INFO - === Validating..
Main - INFO - Epoch: 223/300, Train Loss: 0.00002,  Valid Loss: 0.00002
Main - INFO - =========== EPOCH: 224 =========== 
Main - INFO - === Training..
Main - INFO - === Validating..
Main - INFO - Epoch: 224/300, Train Loss: 0.00002,  Valid Loss: 0.00002
Main - INFO - =========== EPOCH: 225 =========== 
Main - INFO - === Training..
Main - INFO - === Validating..
Main - INFO - Epoch: 225/300, Train Loss: 0.00002,  Valid Loss: 0.00002
Main - INFO - =========== EPOCH: 226 =========== 
Main - INFO - === Training..
Main - INFO - === Validating..
Main - INFO - Epoch: 226/300, Train Loss: 0.00002,  Valid Loss: 0.00002
Main - INFO - =========== EPOCH: 227 =========== 
Main - INFO - === Training..
Main - INFO - === Validating..
Main - INFO - Epoch: 227/300, Train Loss: 0.00002,  Valid Loss: 0.00002
Main - INFO - =========== EPOCH: 228 =========== 
Main - INFO - === Training..
Main - INFO - === Validating..
Main - INFO - Epoch: 228/300, Train Loss: 0.00002,  Valid Loss: 0.00002
Main - INFO - =========== EPOCH: 229 =========== 
Main - INFO - === Training..
Main - INFO - === Validating..
Main - INFO - Epoch: 229/300, Train Loss: 0.00002,  Valid Loss: 0.00002
Main - INFO - =========== EPOCH: 230 =========== 
Main - INFO - === Training..
Main - INFO - === Validating..
Main - INFO - Epoch: 230/300, Train Loss: 0.00002,  Valid Loss: 0.00002
Main - INFO - =========== EPOCH: 231 =========== 
Main - INFO - === Training..
Main - INFO - === Validating..
Main - INFO - Epoch: 231/300, Train Loss: 0.00002,  Valid Loss: 0.00002
Main - INFO - =========== EPOCH: 232 =========== 
Main - INFO - === Training..
Main - INFO - === Validating..
Main - INFO - Epoch: 232/300, Train Loss: 0.00002,  Valid Loss: 0.00002
Main - INFO - =========== EPOCH: 233 =========== 
Main - INFO - === Training..
Main - INFO - === Validating..
Main - INFO - Epoch: 233/300, Train Loss: 0.00002,  Valid Loss: 0.00002
Main - INFO - =========== EPOCH: 234 =========== 
Main - INFO - === Training..
Main - INFO - === Validating..
Main - INFO - Epoch: 234/300, Train Loss: 0.00002,  Valid Loss: 0.00002
Main - INFO - =========== EPOCH: 235 =========== 
Main - INFO - === Training..
Main - INFO - === Validating..
Main - INFO - Epoch: 235/300, Train Loss: 0.00002,  Valid Loss: 0.00002
Main - INFO - =========== EPOCH: 236 =========== 
Main - INFO - === Training..
Main - INFO - === Validating..
Main - INFO - Epoch: 236/300, Train Loss: 0.00002,  Valid Loss: 0.00002
Main - INFO - =========== EPOCH: 237 =========== 
Main - INFO - === Training..
Main - INFO - === Validating..
Main - INFO - Epoch: 237/300, Train Loss: 0.00002,  Valid Loss: 0.00002
Main - INFO - =========== EPOCH: 238 =========== 
Main - INFO - === Training..
Main - INFO - === Validating..
Main - INFO - Epoch: 238/300, Train Loss: 0.00002,  Valid Loss: 0.00002
Main - INFO - =========== EPOCH: 239 =========== 
Main - INFO - === Training..
Main - INFO - === Validating..
Main - INFO - Epoch: 239/300, Train Loss: 0.00002,  Valid Loss: 0.00002
Main - INFO - =========== EPOCH: 240 =========== 
Main - INFO - === Training..
Main - INFO - === Validating..
Main - INFO - Epoch: 240/300, Train Loss: 0.00002,  Valid Loss: 0.00002
Main - INFO - =========== EPOCH: 241 =========== 
Main - INFO - === Training..
Main - INFO - === Validating..
Main - INFO - Epoch: 241/300, Train Loss: 0.00002,  Valid Loss: 0.00002
Main - INFO - =========== EPOCH: 242 =========== 
Main - INFO - === Training..
Main - INFO - === Validating..
Main - INFO - Epoch: 242/300, Train Loss: 0.00002,  Valid Loss: 0.00002
Main - INFO - =========== EPOCH: 243 =========== 
Main - INFO - === Training..
Main - INFO - === Validating..
Main - INFO - Epoch: 243/300, Train Loss: 0.00002,  Valid Loss: 0.00002
Main - INFO - =========== EPOCH: 244 =========== 
Main - INFO - === Training..
Main - INFO - === Validating..
Main - INFO - Epoch: 244/300, Train Loss: 0.00002,  Valid Loss: 0.00002
Main - INFO - =========== EPOCH: 245 =========== 
Main - INFO - === Training..
Main - INFO - === Validating..
Main - INFO - Epoch: 245/300, Train Loss: 0.00002,  Valid Loss: 0.00002
Main - INFO - =========== EPOCH: 246 =========== 
Main - INFO - === Training..
Main - INFO - === Validating..
Main - INFO - Epoch: 246/300, Train Loss: 0.00002,  Valid Loss: 0.00002
Main - INFO - =========== EPOCH: 247 =========== 
Main - INFO - === Training..
Main - INFO - === Validating..
Main - INFO - Epoch: 247/300, Train Loss: 0.00002,  Valid Loss: 0.00002
Main - INFO - =========== EPOCH: 248 =========== 
Main - INFO - === Training..
Main - INFO - === Validating..
Main - INFO - Epoch: 248/300, Train Loss: 0.00002,  Valid Loss: 0.00002
Main - INFO - =========== EPOCH: 249 =========== 
Main - INFO - === Training..
Main - INFO - === Validating..
Main - INFO - Epoch: 249/300, Train Loss: 0.00002,  Valid Loss: 0.00002
Main - INFO - =========== EPOCH: 250 =========== 
Main - INFO - === Training..
Main - INFO - === Validating..
Main - INFO - Epoch: 250/300, Train Loss: 0.00002,  Valid Loss: 0.00002
Main - INFO - =========== EPOCH: 251 =========== 
Main - INFO - === Training..
Main - INFO - === Validating..
Main - INFO - Epoch: 251/300, Train Loss: 0.00002,  Valid Loss: 0.00002
Main - INFO - =========== EPOCH: 252 =========== 
Main - INFO - === Training..
Main - INFO - === Validating..
Main - INFO - Epoch: 252/300, Train Loss: 0.00002,  Valid Loss: 0.00002
Main - INFO - =========== EPOCH: 253 =========== 
Main - INFO - === Training..
Main - INFO - === Validating..
Main - INFO - Epoch: 253/300, Train Loss: 0.00002,  Valid Loss: 0.00002
Main - INFO - =========== EPOCH: 254 =========== 
Main - INFO - === Training..
Main - INFO - === Validating..
Main - INFO - Epoch: 254/300, Train Loss: 0.00002,  Valid Loss: 0.00002
Main - INFO - =========== EPOCH: 255 =========== 
Main - INFO - === Training..
Main - INFO - === Validating..
Main - INFO - Epoch: 255/300, Train Loss: 0.00002,  Valid Loss: 0.00002
Main - INFO - =========== EPOCH: 256 =========== 
Main - INFO - === Training..
Main - INFO - === Validating..
Main - INFO - Epoch: 256/300, Train Loss: 0.00002,  Valid Loss: 0.00002
Main - INFO - =========== EPOCH: 257 =========== 
Main - INFO - === Training..
Main - INFO - === Validating..
Main - INFO - Epoch: 257/300, Train Loss: 0.00002,  Valid Loss: 0.00002
Main - INFO - =========== EPOCH: 258 =========== 
Main - INFO - === Training..
Main - INFO - === Validating..
Main - INFO - Epoch: 258/300, Train Loss: 0.00002,  Valid Loss: 0.00002
Main - INFO - =========== EPOCH: 259 =========== 
Main - INFO - === Training..
Main - INFO - === Validating..
Main - INFO - Epoch: 259/300, Train Loss: 0.00002,  Valid Loss: 0.00002
Main - INFO - =========== EPOCH: 260 =========== 
Main - INFO - === Training..
Main - INFO - === Validating..
Main - INFO - Epoch: 260/300, Train Loss: 0.00002,  Valid Loss: 0.00002
Main - INFO - =========== EPOCH: 261 =========== 
Main - INFO - === Training..
Main - INFO - === Validating..
Main - INFO - Epoch: 261/300, Train Loss: 0.00002,  Valid Loss: 0.00002
Main - INFO - =========== EPOCH: 262 =========== 
Main - INFO - === Training..
Main - INFO - === Validating..
Main - INFO - Epoch: 262/300, Train Loss: 0.00002,  Valid Loss: 0.00002
Main - INFO - =========== EPOCH: 263 =========== 
Main - INFO - === Training..
Main - INFO - === Validating..
Main - INFO - Epoch: 263/300, Train Loss: 0.00002,  Valid Loss: 0.00002
Main - INFO - =========== EPOCH: 264 =========== 
Main - INFO - === Training..
Main - INFO - === Validating..
Main - INFO - Epoch: 264/300, Train Loss: 0.00002,  Valid Loss: 0.00002
Main - INFO - =========== EPOCH: 265 =========== 
Main - INFO - === Training..
Main - INFO - === Validating..
Main - INFO - Epoch: 265/300, Train Loss: 0.00002,  Valid Loss: 0.00002
Main - INFO - =========== EPOCH: 266 =========== 
Main - INFO - === Training..
Main - INFO - === Validating..
Main - INFO - Epoch: 266/300, Train Loss: 0.00002,  Valid Loss: 0.00002
Main - INFO - =========== EPOCH: 267 =========== 
Main - INFO - === Training..
Main - INFO - === Validating..
Main - INFO - Epoch: 267/300, Train Loss: 0.00002,  Valid Loss: 0.00002
Main - INFO - =========== EPOCH: 268 =========== 
Main - INFO - === Training..
Main - INFO - === Validating..
Main - INFO - Epoch: 268/300, Train Loss: 0.00002,  Valid Loss: 0.00002
Main - INFO - =========== EPOCH: 269 =========== 
Main - INFO - === Training..
Main - INFO - === Validating..
Main - INFO - Epoch: 269/300, Train Loss: 0.00002,  Valid Loss: 0.00002
Main - INFO - =========== EPOCH: 270 =========== 
Main - INFO - === Training..
Main - INFO - === Validating..
Main - INFO - Epoch: 270/300, Train Loss: 0.00002,  Valid Loss: 0.00002
Main - INFO - =========== EPOCH: 271 =========== 
Main - INFO - === Training..
Main - INFO - === Validating..
Main - INFO - Epoch: 271/300, Train Loss: 0.00002,  Valid Loss: 0.00002
Main - INFO - =========== EPOCH: 272 =========== 
Main - INFO - === Training..
Main - INFO - === Validating..
Main - INFO - Epoch: 272/300, Train Loss: 0.00002,  Valid Loss: 0.00002
Main - INFO - =========== EPOCH: 273 =========== 
Main - INFO - === Training..
Main - INFO - === Validating..
Main - INFO - Epoch: 273/300, Train Loss: 0.00002,  Valid Loss: 0.00002
Main - INFO - =========== EPOCH: 274 =========== 
Main - INFO - === Training..
Main - INFO - === Validating..
Main - INFO - Epoch: 274/300, Train Loss: 0.00002,  Valid Loss: 0.00002
Main - INFO - =========== EPOCH: 275 =========== 
Main - INFO - === Training..
Main - INFO - === Validating..
Main - INFO - Epoch: 275/300, Train Loss: 0.00002,  Valid Loss: 0.00002
Main - INFO - =========== EPOCH: 276 =========== 
Main - INFO - === Training..
Main - INFO - === Validating..
Main - INFO - Epoch: 276/300, Train Loss: 0.00002,  Valid Loss: 0.00002
Main - INFO - =========== EPOCH: 277 =========== 
Main - INFO - === Training..
Main - INFO - === Validating..
Main - INFO - Epoch: 277/300, Train Loss: 0.00002,  Valid Loss: 0.00002
Main - INFO - =========== EPOCH: 278 =========== 
Main - INFO - === Training..
Main - INFO - === Validating..
Main - INFO - Epoch: 278/300, Train Loss: 0.00002,  Valid Loss: 0.00002
Main - INFO - =========== EPOCH: 279 =========== 
Main - INFO - === Training..
Main - INFO - === Validating..
Main - INFO - Epoch: 279/300, Train Loss: 0.00002,  Valid Loss: 0.00002
Main - INFO - =========== EPOCH: 280 =========== 
Main - INFO - === Training..
Main - INFO - === Validating..
Main - INFO - Epoch: 280/300, Train Loss: 0.00002,  Valid Loss: 0.00002
Main - INFO - =========== EPOCH: 281 =========== 
Main - INFO - === Training..
Main - INFO - === Validating..
Main - INFO - Epoch: 281/300, Train Loss: 0.00002,  Valid Loss: 0.00002
Main - INFO - =========== EPOCH: 282 =========== 
Main - INFO - === Training..
Main - INFO - === Validating..
Main - INFO - Epoch: 282/300, Train Loss: 0.00002,  Valid Loss: 0.00002
Main - INFO - =========== EPOCH: 283 =========== 
Main - INFO - === Training..
Main - INFO - === Validating..
Main - INFO - Epoch: 283/300, Train Loss: 0.00002,  Valid Loss: 0.00002
Main - INFO - =========== EPOCH: 284 =========== 
Main - INFO - === Training..
Main - INFO - === Validating..
Main - INFO - Epoch: 284/300, Train Loss: 0.00002,  Valid Loss: 0.00002
Main - INFO - =========== EPOCH: 285 =========== 
Main - INFO - === Training..
Main - INFO - === Validating..
Main - INFO - Epoch: 285/300, Train Loss: 0.00002,  Valid Loss: 0.00002
Main - INFO - =========== EPOCH: 286 =========== 
Main - INFO - === Training..
Main - INFO - === Validating..
Main - INFO - Epoch: 286/300, Train Loss: 0.00002,  Valid Loss: 0.00002
Main - INFO - =========== EPOCH: 287 =========== 
Main - INFO - === Training..
Main - INFO - === Validating..
Main - INFO - Epoch: 287/300, Train Loss: 0.00002,  Valid Loss: 0.00002
Main - INFO - =========== EPOCH: 288 =========== 
Main - INFO - === Training..
Main - INFO - === Validating..
Main - INFO - Epoch: 288/300, Train Loss: 0.00002,  Valid Loss: 0.00002
Main - INFO - =========== EPOCH: 289 =========== 
Main - INFO - === Training..
Main - INFO - === Validating..
Main - INFO - Epoch: 289/300, Train Loss: 0.00002,  Valid Loss: 0.00002
Main - INFO - =========== EPOCH: 290 =========== 
Main - INFO - === Training..
Main - INFO - === Validating..
Main - INFO - Epoch: 290/300, Train Loss: 0.00002,  Valid Loss: 0.00002
Main - INFO - =========== EPOCH: 291 =========== 
Main - INFO - === Training..
Main - INFO - === Validating..
Main - INFO - Epoch: 291/300, Train Loss: 0.00002,  Valid Loss: 0.00002
Main - INFO - =========== EPOCH: 292 =========== 
Main - INFO - === Training..
Main - INFO - === Validating..
Main - INFO - Epoch: 292/300, Train Loss: 0.00002,  Valid Loss: 0.00002
Main - INFO - =========== EPOCH: 293 =========== 
Main - INFO - === Training..
Main - INFO - === Validating..
Main - INFO - Epoch: 293/300, Train Loss: 0.00002,  Valid Loss: 0.00002
Main - INFO - =========== EPOCH: 294 =========== 
Main - INFO - === Training..
Main - INFO - === Validating..
Main - INFO - Epoch: 294/300, Train Loss: 0.00002,  Valid Loss: 0.00002
Main - INFO - =========== EPOCH: 295 =========== 
Main - INFO - === Training..
Main - INFO - === Validating..
Main - INFO - Epoch: 295/300, Train Loss: 0.00002,  Valid Loss: 0.00002
Main - INFO - =========== EPOCH: 296 =========== 
Main - INFO - === Training..
Main - INFO - === Validating..
Main - INFO - Epoch: 296/300, Train Loss: 0.00002,  Valid Loss: 0.00002
Main - INFO - =========== EPOCH: 297 =========== 
Main - INFO - === Training..
Main - INFO - === Validating..
Main - INFO - Epoch: 297/300, Train Loss: 0.00002,  Valid Loss: 0.00002
Main - INFO - =========== EPOCH: 298 =========== 
Main - INFO - === Training..
Main - INFO - === Validating..
Main - INFO - Epoch: 298/300, Train Loss: 0.00002,  Valid Loss: 0.00002
Main - INFO - =========== EPOCH: 299 =========== 
Main - INFO - === Training..
Main - INFO - === Validating..
Main - INFO - Epoch: 299/300, Train Loss: 0.00002,  Valid Loss: 0.00002
Main - DEBUG - 

Main - DEBUG - Last model: tensor([-0.6719, -0.0137, -0.2460,  1.1240,  0.0379,  0.1068, -0.2512,  0.4178,
         0.5722, -0.6339,  1.6742, -1.2725, -1.4279, -0.5722,  0.0078,  0.1973,
        -0.3692, -0.2435,  0.2797, -0.4724, -0.3116, -0.0063, -0.3632,  1.9163,
        -0.3765, -0.3048,  0.4655, -0.9600,  1.7026, -1.0058], device='cuda:0')
Main - DEBUG - Last epoch: 299

Main - DEBUG - Best model: tensor([-0.6719, -0.0137, -0.2460,  1.1240,  0.0379,  0.1068, -0.2512,  0.4178,
         0.5722, -0.6339,  1.6742, -1.2725, -1.4279, -0.5722,  0.0078,  0.1973,
        -0.3692, -0.2435,  0.2797, -0.4724, -0.3116, -0.0063, -0.3632,  1.9163,
        -0.3765, -0.3048,  0.4655, -0.9600,  1.7026, -1.0058], device='cuda:0')
Main - DEBUG - Best epoch: 299

